Building DAG of jobs...
Using shell: /cvmfs/soft.computecanada.ca/gentoo/2020/bin/bash
Provided cores: 4
Rules claiming more threads will be scaled down.
Select jobs to execute...

[Wed Jan 12 13:47:09 2022]
rule STEP2_annotation:
    input: HanIR/Annotation_steps/HanIR_step1_chr4.gff3, HanIR/Ref/scaffold_1.fasta, HanIR/Ref/scaffold_2.fasta, HanIR/Ref/scaffold_3.fasta, HanIR/Ref/scaffold_4.fasta, HanIR/Ref/scaffold_5.fasta, HanIR/Ref/scaffold_6.fasta, HanIR/Ref/scaffold_7.fasta, HanIR/Ref/scaffold_8.fasta, HanIR/Ref/scaffold_9.fasta, HanIR/Ref/scaffold_10.fasta, HanIR/Ref/scaffold_11.fasta, HanIR/Ref/scaffold_12.fasta, HanIR/Ref/scaffold_13.fasta, HanIR/Ref/scaffold_14.fasta, HanIR/Ref/scaffold_15.fasta, HanIR/Ref/scaffold_16.fasta, HanIR/Ref/scaffold_17.fasta, HanIR/Ref/scaffold_18.fasta, HanIR/EDTA_Files/HanIR_chr4.masked.fasta
    output: HanIR/Annotation_steps/HanIR_step2_chr4.gff3
    jobid: 0
    wildcards: Project=HanIR, Chrs=4
    resources: mem_mb=6284, disk_mb=6284, tmpdir=/tmp

During startup - Warning messages:
1: Setting LC_CTYPE failed, using "C" 
2: Setting LC_COLLATE failed, using "C" 
3: Setting LC_MESSAGES failed, using "C" 
Loading required package: BiocGenerics
Loading required package: parallel

Attaching package: 'BiocGenerics'

The following objects are masked from 'package:parallel':

    clusterApply, clusterApplyLB, clusterCall, clusterEvalQ,
    clusterExport, clusterMap, parApply, parCapply, parLapply,
    parLapplyLB, parRapply, parSapply, parSapplyLB

The following objects are masked from 'package:stats':

    IQR, mad, sd, var, xtabs

The following objects are masked from 'package:base':

    Filter, Find, Map, Position, Reduce, anyDuplicated, append,
    as.data.frame, basename, cbind, colnames, dirname, do.call,
    duplicated, eval, evalq, get, grep, grepl, intersect, is.unsorted,
    lapply, mapply, match, mget, order, paste, pmax, pmax.int, pmin,
    pmin.int, rank, rbind, rownames, sapply, setdiff, sort, table,
    tapply, union, unique, unsplit, which.max, which.min

Loading required package: S4Vectors
Loading required package: stats4

Attaching package: 'S4Vectors'

The following objects are masked from 'package:base':

    I, expand.grid, unname

Loading required package: IRanges
Loading required package: GenomeInfoDb
Loading required package: GenomicRanges
Loading required package: AnnotationDbi
Loading required package: Biobase
Welcome to Bioconductor

    Vignettes contain introductory material; view with
    'browseVignettes()'. To cite Bioconductor, see
    'citation("Biobase")', and for packages 'citation("pkgname")'.

Loading required package: XVector

Attaching package: 'Biostrings'

The following object is masked from 'package:base':

    strsplit


Attaching package: 'dplyr'

The following objects are masked from 'package:Biostrings':

    collapse, intersect, setdiff, setequal, union

The following object is masked from 'package:XVector':

    slice

The following object is masked from 'package:AnnotationDbi':

    select

The following object is masked from 'package:Biobase':

    combine

The following objects are masked from 'package:GenomicRanges':

    intersect, setdiff, union

The following object is masked from 'package:GenomeInfoDb':

    intersect

The following objects are masked from 'package:IRanges':

    collapse, desc, intersect, setdiff, slice, union

The following objects are masked from 'package:S4Vectors':

    first, intersect, rename, setdiff, setequal, union

The following objects are masked from 'package:BiocGenerics':

    combine, intersect, setdiff, union

The following objects are masked from 'package:stats':

    filter, lag

The following objects are masked from 'package:base':

    intersect, setdiff, setequal, union

Loading required package: GenomicAlignments
Loading required package: SummarizedExperiment
Loading required package: MatrixGenerics
Loading required package: matrixStats

Attaching package: 'matrixStats'

The following object is masked from 'package:dplyr':

    count

The following objects are masked from 'package:Biobase':

    anyMissing, rowMedians


Attaching package: 'MatrixGenerics'

The following objects are masked from 'package:matrixStats':

    colAlls, colAnyNAs, colAnys, colAvgsPerRowSet, colCollapse,
    colCounts, colCummaxs, colCummins, colCumprods, colCumsums,
    colDiffs, colIQRDiffs, colIQRs, colLogSumExps, colMadDiffs,
    colMads, colMaxs, colMeans2, colMedians, colMins, colOrderStats,
    colProds, colQuantiles, colRanges, colRanks, colSdDiffs, colSds,
    colSums2, colTabulates, colVarDiffs, colVars, colWeightedMads,
    colWeightedMeans, colWeightedMedians, colWeightedSds,
    colWeightedVars, rowAlls, rowAnyNAs, rowAnys, rowAvgsPerColSet,
    rowCollapse, rowCounts, rowCummaxs, rowCummins, rowCumprods,
    rowCumsums, rowDiffs, rowIQRDiffs, rowIQRs, rowLogSumExps,
    rowMadDiffs, rowMads, rowMaxs, rowMeans2, rowMedians, rowMins,
    rowOrderStats, rowProds, rowQuantiles, rowRanges, rowRanks,
    rowSdDiffs, rowSds, rowSums2, rowTabulates, rowVarDiffs, rowVars,
    rowWeightedMads, rowWeightedMeans, rowWeightedMedians,
    rowWeightedSds, rowWeightedVars

The following object is masked from 'package:Biobase':

    rowMedians

Loading required package: Rsamtools

Attaching package: 'GenomicAlignments'

The following object is masked from 'package:dplyr':

    last

Registered S3 method overwritten by 'GGally':
  method from   
  +.gg   ggplot2
[Wed Jan 12 14:11:09 2022]
Finished job 0.
1 of 1 steps (100%) done
